<?xml version="1.0" encoding="UTF-8"?>
<testng-results ignored="0" total="2" passed="2" failed="0" skipped="0">
  <reporter-output>
  </reporter-output>
  <suite started-at="2021-12-15T21:32:47 EST" name="Adhoc" finished-at="2021-12-15T21:33:39 EST" duration-ms="51796">
    <groups>
    </groups>
    <test started-at="2021-12-15T21:32:47 EST" name="Regression" finished-at="2021-12-15T21:33:39 EST" duration-ms="51796">
      <class name="PeopleNTech.Automationtraining.SignInAmazon">
        <test-method is-config="true" signature="beforeMethod()[pri:0, instance:PeopleNTech.Automationtraining.SignInAmazon@346d61be]" started-at="2021-12-15T21:32:47 EST" name="beforeMethod" finished-at="2021-12-15T21:32:57 EST" duration-ms="9324" status="PASS">
          <reporter-output>
          </reporter-output>
        </test-method> <!-- beforeMethod -->
        <test-method signature="verificationofText()[pri:2, instance:PeopleNTech.Automationtraining.SignInAmazon@346d61be]" started-at="2021-12-15T21:32:57 EST" name="verificationofText" finished-at="2021-12-15T21:33:08 EST" duration-ms="11430" status="PASS">
          <reporter-output>
          </reporter-output>
        </test-method> <!-- verificationofText -->
        <test-method is-config="true" signature="afterMethod()[pri:0, instance:PeopleNTech.Automationtraining.SignInAmazon@346d61be]" started-at="2021-12-15T21:33:08 EST" name="afterMethod" finished-at="2021-12-15T21:33:13 EST" duration-ms="4581" status="PASS">
          <reporter-output>
          </reporter-output>
        </test-method> <!-- afterMethod -->
        <test-method is-config="true" signature="beforeMethod()[pri:0, instance:PeopleNTech.Automationtraining.SignInAmazon@346d61be]" started-at="2021-12-15T21:33:13 EST" name="beforeMethod" finished-at="2021-12-15T21:33:23 EST" duration-ms="10600" status="PASS">
          <reporter-output>
          </reporter-output>
        </test-method> <!-- beforeMethod -->
        <test-method signature="f()[pri:1, instance:PeopleNTech.Automationtraining.SignInAmazon@346d61be]" started-at="2021-12-15T21:33:23 EST" name="f" finished-at="2021-12-15T21:33:34 EST" depends-on-methods="PeopleNTech.Automationtraining.SignInAmazon.verificationofText" duration-ms="11159" status="PASS">
          <reporter-output>
          </reporter-output>
        </test-method> <!-- f -->
        <test-method is-config="true" signature="afterMethod()[pri:0, instance:PeopleNTech.Automationtraining.SignInAmazon@346d61be]" started-at="2021-12-15T21:33:34 EST" name="afterMethod" finished-at="2021-12-15T21:33:39 EST" duration-ms="4635" status="PASS">
          <reporter-output>
          </reporter-output>
        </test-method> <!-- afterMethod -->
      </class> <!-- PeopleNTech.Automationtraining.SignInAmazon -->
    </test> <!-- Regression -->
  </suite> <!-- Adhoc -->
</testng-results>
